<?xml version="1.0" encoding="UTF-8"?>
<!-- Generated by org.testng.reporters.JUnitReportReporter -->
<testsuite skipped="0" hostname="ELs-MacBook-Air.fios-router.home" name="com.saucedemoqa.runner.RunnerSwag" tests="7" failures="0" timestamp="06 Dec 2022 06:02:12 GMT" time="80.851" errors="0">
  <testcase name="runScenario" time="9.258" classname="com.saucedemoqa.runner.RunnerSwag"/>
  <testcase name="runScenario" time="29.010" classname="com.saucedemoqa.runner.RunnerSwag"/>
  <testcase name="runScenario" time="10.083" classname="com.saucedemoqa.runner.RunnerSwag"/>
  <testcase name="runScenario" time="7.879" classname="com.saucedemoqa.runner.RunnerSwag"/>
  <testcase name="runScenario" time="7.881" classname="com.saucedemoqa.runner.RunnerSwag"/>
  <testcase name="runScenario" time="8.882" classname="com.saucedemoqa.runner.RunnerSwag"/>
  <testcase name="runScenario" time="7.858" classname="com.saucedemoqa.runner.RunnerSwag"/>
</testsuite> <!-- com.saucedemoqa.runner.RunnerSwag -->
