<?xml version="1.0" encoding="UTF-8"?>
<!-- Generated by org.testng.reporters.JUnitReportReporter -->
<testsuite skipped="0" hostname="ELs-MacBook-Air.fios-router.home" name="com.saucedemoqa.runner.RunnerSwag" tests="1" failures="0" timestamp="09 Dec 2022 08:21:33 GMT" time="28.784" errors="0">
  <testcase name="runScenario" time="28.784" classname="com.saucedemoqa.runner.RunnerSwag"/>
</testsuite> <!-- com.saucedemoqa.runner.RunnerSwag -->
